2025-04-01 05:21:58 - Application started.
2025-04-01 05:22:19 - Application started.
2025-04-01 06:54:45 - Application started.
2025-04-01 06:55:23 - Application started.
2025-04-01 06:58:33 - Application started.
2025-04-01 07:01:41 - Application started.
2025-04-01 07:08:21 - Application started.
2025-04-01 07:21:05 - Application started.
2025-04-01 07:23:07 - Application started.
2025-04-01 08:12:11 - Application started.
2025-04-01 08:17:40 - Ứng dụng đã khởi động. / Application started.
2025-04-01 08:17:54 - Ứng dụng đã khởi động. / Application started.
2025-04-01 08:18:16 - Ứng dụng đã khởi động. / Application started.
2025-04-01 08:18:47 - Ứng dụng đã khởi động. / Application started.
2025-04-01 08:34:47 - Ứng dụng đã khởi động. / Application started.
2025-04-01 08:35:49 - Ứng dụng đã khởi động. / Application started.
2025-04-01 08:38:04 - Ứng dụng đã khởi động. / Application started.
2025-04-01 08:38:31 - Ứng dụng đã khởi động. / Application started.
2025-04-01 08:38:56 - Ứng dụng đã khởi động. / Application started.
2025-04-01 08:54:03 - Ứng dụng đã khởi động. / Application started.
2025-04-01 08:54:25 - Ứng dụng đã khởi động. / Application started.
2025-04-01 08:56:44 - Ứng dụng đã khởi động. / Application started.
2025-04-01 09:01:29 - Ứng dụng đã khởi động. / Application started.
2025-04-01 09:02:11 - Ứng dụng đã khởi động. / Application started.
2025-04-01 09:12:38 - Ứng dụng đã khởi động. / Application started.
2025-04-01 09:13:19 - Ứng dụng đã khởi động. / Application started.
2025-04-01 09:13:56 - Ứng dụng đã khởi động. / Application started.
2025-04-01 09:21:11 - Ứng dụng đã khởi động. / Application started.
2025-04-01 15:32:36 - Ứng dụng đã khởi động. / Application started.
2025-04-01 16:02:46 - Ứng dụng đã khởi động. / Application started.
2025-04-01 16:21:50 - Ứng dụng đã khởi động. / Application started.
2025-04-01 16:30:43 - Ứng dụng đã khởi động. / Application started.
2025-04-01 16:40:43 - Ứng dụng đã khởi động. / Application started.
2025-04-01 16:43:06 - Ứng dụng đã khởi động. / Application started.
2025-04-01 16:45:36 - Ứng dụng đã khởi động. / Application started.
2025-04-01 16:46:15 - Ứng dụng đã khởi động. / Application started.
2025-04-01 17:03:27 - Ứng dụng đã khởi động. / Application started.
2025-04-01 17:07:07 - Ứng dụng đã khởi động. / Application started.
2025-04-05 16:10:20 - Ứng dụng đã khởi động. / Application started.
2025-04-05 16:13:49 - Ứng dụng đã khởi động. / Application started.
2025-04-05 16:18:07 - Ứng dụng đã khởi động. / Application started.
2025-04-05 16:18:21 - Ứng dụng đã khởi động. / Application started.
2025-04-05 16:26:56 - Ứng dụng đã khởi động. / Application started.
2025-04-05 16:36:19 - Ứng dụng đã khởi động. / Application started.
2025-04-05 16:36:43 - Ứng dụng đã khởi động. / Application started.
2025-04-05 16:38:00 - Ứng dụng đã khởi động. / Application started.
2025-04-05 16:41:51 - Ứng dụng đã khởi động. / Application started.
2025-04-05 16:44:11 - Ứng dụng đã khởi động. / Application started.
2025-04-05 16:55:57 - Ứng dụng đã khởi động. / Application started.
2025-04-05 17:07:50 - Ứng dụng đã khởi động. / Application started.
2025-04-05 17:18:20 - Ứng dụng đã khởi động. / Application started.
2025-04-05 17:32:32 - Ứng dụng đã khởi động. / Application started.
2025-04-05 17:33:31 - Ứng dụng đã khởi động. / Application started.
2025-04-05 17:36:54 - Ứng dụng đã khởi động. / Application started.
2025-04-05 17:37:22 - Ứng dụng đã khởi động. / Application started.
2025-04-05 17:40:40 - Ứng dụng đã khởi động. / Application started.
2025-04-05 17:41:01 - Ứng dụng đã khởi động. / Application started.
2025-04-05 17:41:38 - Ứng dụng đã khởi động. / Application started.
2025-04-05 17:44:37 - Ứng dụng đã khởi động. / Application started.
2025-04-05 17:45:32 - Ứng dụng đã khởi động. / Application started.
2025-04-05 17:48:58 - Ứng dụng đã khởi động. / Application started.
2025-04-05 17:49:21 - Ứng dụng đã khởi động. / Application started.
2025-04-05 17:50:12 - Ứng dụng đã khởi động. / Application started.
2025-04-05 17:53:18 - Ứng dụng đã khởi động. / Application started.
2025-04-05 17:53:37 - Ứng dụng đã khởi động. / Application started.
2025-04-05 17:54:29 - Ứng dụng đã khởi động. / Application started.
2025-04-05 17:54:54 - Ứng dụng đã khởi động. / Application started.
2025-04-05 17:55:57 - Ứng dụng đã khởi động. / Application started.
2025-04-05 17:57:51 - Ứng dụng đã khởi động. / Application started.
2025-04-05 17:58:07 - Ứng dụng đã khởi động. / Application started.
2025-04-06 05:58:31 - Ứng dụng đã khởi động. / Application started.
2025-04-06 06:22:17 - Ứng dụng đã khởi động. / Application started.
2025-04-06 06:29:03 - Ứng dụng đã khởi động. / Application started.
2025-04-06 06:31:01 - Ứng dụng đã khởi động. / Application started.
2025-04-06 06:33:23 - Ứng dụng đã khởi động. / Application started.
2025-04-06 06:38:40 - Ứng dụng đã khởi động. / Application started.
2025-04-06 06:44:54 - Ứng dụng đã khởi động. / Application started.
2025-04-06 06:45:07 - Ứng dụng đã khởi động. / Application started.
2025-04-08 10:37:45 - Ứng dụng đã khởi động. / Application started.
2025-04-08 10:39:24 - Lỗi luồng giao diện: Object reference not set to an instance of an object.
Stack Trace:    at EnglishLearningApp.MainForm.ShowQuiz() in C:\Users\xuank\source\repos\EnglishLearningApp\MainForm.cs:line 818
   at EnglishLearningApp.MainForm.<>c__DisplayClass82_0.<ShowMultipleChoiceTopics>b__0(Object s, EventArgs e) in C:\Users\xuank\source\repos\EnglishLearningApp\MainForm.cs:line 682
   at System.Windows.Forms.Control.OnClick(EventArgs e)
   at System.Windows.Forms.Button.OnClick(EventArgs e)
   at System.Windows.Forms.Button.OnMouseUp(MouseEventArgs mevent)
   at System.Windows.Forms.Control.WmMouseUp(Message& m, MouseButtons button, Int32 clicks)
   at System.Windows.Forms.Control.WndProc(Message& m)
   at System.Windows.Forms.ButtonBase.WndProc(Message& m)
   at System.Windows.Forms.Button.WndProc(Message& m)
   at System.Windows.Forms.Control.ControlNativeWindow.OnMessage(Message& m)
   at System.Windows.Forms.Control.ControlNativeWindow.WndProc(Message& m)
   at System.Windows.Forms.NativeWindow.Callback(IntPtr hWnd, Int32 msg, IntPtr wparam, IntPtr lparam) / Unhandled UI thread exception: Object reference not set to an instance of an object.
Stack Trace:    at EnglishLearningApp.MainForm.ShowQuiz() in C:\Users\xuank\source\repos\EnglishLearningApp\MainForm.cs:line 818
   at EnglishLearningApp.MainForm.<>c__DisplayClass82_0.<ShowMultipleChoiceTopics>b__0(Object s, EventArgs e) in C:\Users\xuank\source\repos\EnglishLearningApp\MainForm.cs:line 682
   at System.Windows.Forms.Control.OnClick(EventArgs e)
   at System.Windows.Forms.Button.OnClick(EventArgs e)
   at System.Windows.Forms.Button.OnMouseUp(MouseEventArgs mevent)
   at System.Windows.Forms.Control.WmMouseUp(Message& m, MouseButtons button, Int32 clicks)
   at System.Windows.Forms.Control.WndProc(Message& m)
   at System.Windows.Forms.ButtonBase.WndProc(Message& m)
   at System.Windows.Forms.Button.WndProc(Message& m)
   at System.Windows.Forms.Control.ControlNativeWindow.OnMessage(Message& m)
   at System.Windows.Forms.Control.ControlNativeWindow.WndProc(Message& m)
   at System.Windows.Forms.NativeWindow.Callback(IntPtr hWnd, Int32 msg, IntPtr wparam, IntPtr lparam)
2025-04-08 10:39:39 - Ứng dụng đã khởi động. / Application started.
2025-04-08 11:18:54 - Ứng dụng đã khởi động. / Application started.
2025-04-08 11:20:17 - Ứng dụng đã khởi động. / Application started.
2025-04-08 11:26:01 - Ứng dụng đã khởi động. / Application started.
2025-04-08 11:30:47 - Ứng dụng đã khởi động. / Application started.
2025-04-08 13:55:15 - Ứng dụng đã khởi động. / Application started.
2025-04-08 14:07:55 - Ứng dụng đã khởi động. / Application started.
2025-04-08 14:14:26 - Ứng dụng đã khởi động. / Application started.
2025-04-12 13:50:05 - Ứng dụng đã khởi động. / Application started.
2025-04-12 22:07:40 - Ứng dụng đã khởi động. / Application started.
2025-04-14 17:45:32 - Ứng dụng đã khởi động. / Application started.
2025-04-14 17:46:46 - Ứng dụng đã khởi động. / Application started.
2025-04-14 17:50:11 - Ứng dụng đã khởi động. / Application started.
2025-04-14 18:30:21 - Ứng dụng đã khởi động. / Application started.
2025-04-14 18:34:18 - Ứng dụng đã khởi động. / Application started.
2025-04-14 18:48:06 - Ứng dụng đã khởi động. / Application started.
2025-04-14 18:50:14 - Ứng dụng đã khởi động. / Application started.
2025-04-14 18:58:18 - Ứng dụng đã khởi động. / Application started.
2025-04-14 19:13:54 - Ứng dụng đã khởi động. / Application started.
2025-04-15 16:52:11 - Ứng dụng đã khởi động. / Application started.
2025-04-15 16:57:46 - Ứng dụng đã khởi động. / Application started.
2025-04-15 16:59:32 - Ứng dụng đã khởi động. / Application started.
2025-04-15 17:04:58 - Ứng dụng đã khởi động. / Application started.
2025-04-15 17:12:00 - Ứng dụng đã khởi động. / Application started.
